<?xml version="1.0" encoding="UTF-8"?>
<robot generator="Robot 7.2 (Python 3.12.8 on win32)" generated="2025-02-06T22:40:21.085449" rpa="false" schemaversion="5">
<suite id="s1" name="Belanja" source="D:\Test Lion Parcel\TEST LION2 -RobotAPI\LionRobot-Gherkin\test\belanja.robot">
<test id="s1-t1" name="User Should Be Able To Complete Purchase" line="16">
<kw name="Given I am on the Saucedemo login page">
<kw name="Open Browser" owner="SeleniumLibrary">
<msg time="2025-02-06T22:40:21.966701" level="INFO">Opening browser 'Chrome' to base url 'https://www.saucedemo.com/'.</msg>
<msg time="2025-02-06T22:40:22.401540" level="WARN">The chromedriver version (133.0.6943.53) detected in PATH at C:\Users\INVESTREE\AppData\Roaming\npm\chromedriver.exe might not be compatible with the detected chrome version (132.0.6834.160); currently, chromedriver 132.0.6834.159 is recommended for chrome 132.*, so it is advised to delete the driver in PATH and retry</msg>
<msg time="2025-02-06T22:40:25.708310" level="INFO">Cannot capture screenshot because no browser is open.</msg>
<msg time="2025-02-06T22:40:25.708310" level="FAIL">SessionNotCreatedException: Message: session not created: This version of ChromeDriver only supports Chrome version 133
Current browser version is 132.0.6834.160 with binary path C:\Program Files\Google\Chrome\Application\chrome.exe
Stacktrace:
	GetHandleVerifier [0x00DA0A33+25139]
	(No symbol) [0x00D31134]
	(No symbol) [0x00C10523]
	(No symbol) [0x00C4975B]
	(No symbol) [0x00C48799]
	(No symbol) [0x00C4366D]
	(No symbol) [0x00C3EC49]
	(No symbol) [0x00C89062]
	(No symbol) [0x00C8877A]
	(No symbol) [0x00C7CD66]
	(No symbol) [0x00C4BD99]
	(No symbol) [0x00C4D0D4]
	GetHandleVerifier [0x010A3A23+3183139]
	GetHandleVerifier [0x010BFE8A+3298954]
	GetHandleVerifier [0x010BA462+3275874]
	GetHandleVerifier [0x00E37770+642928]
	(No symbol) [0x00D3A01D]
	(No symbol) [0x00D36E48]
	(No symbol) [0x00D36FE7]
	(No symbol) [0x00D29CE0]
	BaseThreadInitThunk [0x76187BA9+25]
	RtlInitializeExceptionChain [0x7744C0CB+107]
	RtlClearBits [0x7744C04F+191]
</msg>
<arg>${URL}</arg>
<arg>${BROWSER}</arg>
<doc>Opens a new browser instance to the optional ``url``.</doc>
<status status="FAIL" start="2025-02-06T22:40:21.966156" elapsed="3.742154">SessionNotCreatedException: Message: session not created: This version of ChromeDriver only supports Chrome version 133
Current browser version is 132.0.6834.160 with binary path C:\Program Files\Google\Chrome\Application\chrome.exe
Stacktrace:
	GetHandleVerifier [0x00DA0A33+25139]
	(No symbol) [0x00D31134]
	(No symbol) [0x00C10523]
	(No symbol) [0x00C4975B]
	(No symbol) [0x00C48799]
	(No symbol) [0x00C4366D]
	(No symbol) [0x00C3EC49]
	(No symbol) [0x00C89062]
	(No symbol) [0x00C8877A]
	(No symbol) [0x00C7CD66]
	(No symbol) [0x00C4BD99]
	(No symbol) [0x00C4D0D4]
	GetHandleVerifier [0x010A3A23+3183139]
	GetHandleVerifier [0x010BFE8A+3298954]
	GetHandleVerifier [0x010BA462+3275874]
	GetHandleVerifier [0x00E37770+642928]
	(No symbol) [0x00D3A01D]
	(No symbol) [0x00D36E48]
	(No symbol) [0x00D36FE7]
	(No symbol) [0x00D29CE0]
	BaseThreadInitThunk [0x76187BA9+25]
	RtlInitializeExceptionChain [0x7744C0CB+107]
	RtlClearBits [0x7744C04F+191]
</status>
</kw>
<kw name="Maximize Browser Window" owner="SeleniumLibrary">
<doc>Maximizes current browser window.</doc>
<status status="NOT RUN" start="2025-02-06T22:40:25.708310" elapsed="0.000000"/>
</kw>
<status status="FAIL" start="2025-02-06T22:40:21.965611" elapsed="3.742699">SessionNotCreatedException: Message: session not created: This version of ChromeDriver only supports Chrome version 133
Current browser version is 132.0.6834.160 with binary path C:\Program Files\Google\Chrome\Application\chrome.exe
Stacktrace:
	GetHandleVerifier [0x00DA0A33+25139]
	(No symbol) [0x00D31134]
	(No symbol) [0x00C10523]
	(No symbol) [0x00C4975B]
	(No symbol) [0x00C48799]
	(No symbol) [0x00C4366D]
	(No symbol) [0x00C3EC49]
	(No symbol) [0x00C89062]
	(No symbol) [0x00C8877A]
	(No symbol) [0x00C7CD66]
	(No symbol) [0x00C4BD99]
	(No symbol) [0x00C4D0D4]
	GetHandleVerifier [0x010A3A23+3183139]
	GetHandleVerifier [0x010BFE8A+3298954]
	GetHandleVerifier [0x010BA462+3275874]
	GetHandleVerifier [0x00E37770+642928]
	(No symbol) [0x00D3A01D]
	(No symbol) [0x00D36E48]
	(No symbol) [0x00D36FE7]
	(No symbol) [0x00D29CE0]
	BaseThreadInitThunk [0x76187BA9+25]
	RtlInitializeExceptionChain [0x7744C0CB+107]
	RtlClearBits [0x7744C04F+191]
</status>
</kw>
<kw name="When I log in with username &quot;${USERNAME}&quot; and password &quot;${PASSWORD}&quot;" source_name="I log in with username &quot;${username}&quot; and password &quot;${password}&quot;">
<status status="NOT RUN" start="2025-02-06T22:40:25.708310" elapsed="0.000000"/>
</kw>
<kw name="And I add the &quot;Sauce Labs Bike Light&quot; to the cart" source_name="I add the &quot;${item_name}&quot; to the cart">
<status status="NOT RUN" start="2025-02-06T22:40:25.708310" elapsed="0.000000"/>
</kw>
<kw name="And I go to the shopping cart">
<status status="NOT RUN" start="2025-02-06T22:40:25.708310" elapsed="0.000000"/>
</kw>
<kw name="And I proceed to checkout">
<status status="NOT RUN" start="2025-02-06T22:40:25.708310" elapsed="0.000000"/>
</kw>
<kw name="And I enter my first name &quot;${FIRST_NAME}&quot;, last name &quot;${LAST_NAME}&quot;, and postal code &quot;${POSTAL_CODE}&quot;" source_name="I enter my first name &quot;${first_name}&quot;, last name &quot;${last_name}&quot;, and postal code &quot;${postal_code}&quot;">
<status status="NOT RUN" start="2025-02-06T22:40:25.708310" elapsed="0.000000"/>
</kw>
<kw name="And I continue to the overview page">
<status status="NOT RUN" start="2025-02-06T22:40:25.708310" elapsed="0.000000"/>
</kw>
<kw name="And I finish the purchase">
<status status="NOT RUN" start="2025-02-06T22:40:25.708310" elapsed="0.000000"/>
</kw>
<kw name="Then I should see the message &quot;Thank you for your order!&quot;" source_name="I should see the message &quot;${expected_message}&quot;">
<status status="NOT RUN" start="2025-02-06T22:40:25.708310" elapsed="0.000000"/>
</kw>
<doc>User logs in, adds an item to the cart, and completes the purchase.</doc>
<tag>shopping</tag>
<status status="FAIL" start="2025-02-06T22:40:21.964560" elapsed="3.743750">SessionNotCreatedException: Message: session not created: This version of ChromeDriver only supports Chrome version 133
Current browser version is 132.0.6834.160 with binary path C:\Program Files\Google\Chrome\Application\chrome.exe
Stacktrace:
	GetHandleVerifier [0x00DA0A33+25139]
	(No symbol) [0x00D31134]
	(No symbol) [0x00C10523]
	(No symbol) [0x00C4975B]
	(No symbol) [0x00C48799]
	(No symbol) [0x00C4366D]
	(No symbol) [0x00C3EC49]
	(No symbol) [0x00C89062]
	(No symbol) [0x00C8877A]
	(No symbol) [0x00C7CD66]
	(No symbol) [0x00C4BD99]
	(No symbol) [0x00C4D0D4]
	GetHandleVerifier [0x010A3A23+3183139]
	GetHandleVerifier [0x010BFE8A+3298954]
	GetHandleVerifier [0x010BA462+3275874]
	GetHandleVerifier [0x00E37770+642928]
	(No symbol) [0x00D3A01D]
	(No symbol) [0x00D36E48]
	(No symbol) [0x00D36FE7]
	(No symbol) [0x00D29CE0]
	BaseThreadInitThunk [0x76187BA9+25]
	RtlInitializeExceptionChain [0x7744C0CB+107]
	RtlClearBits [0x7744C04F+191]
</status>
</test>
<status status="FAIL" start="2025-02-06T22:40:21.085449" elapsed="4.639267"/>
</suite>
<statistics>
<total>
<stat pass="0" fail="1" skip="0">All Tests</stat>
</total>
<tag>
<stat pass="0" fail="1" skip="0">shopping</stat>
</tag>
<suite>
<stat name="Belanja" id="s1" pass="0" fail="1" skip="0">Belanja</stat>
</suite>
</statistics>
<errors>
<msg time="2025-02-06T22:40:21.510684" level="ERROR">Error in file 'D:\Test Lion Parcel\TEST LION2 -RobotAPI\LionRobot-Gherkin\test\belanja.robot' on line 3: Importing library 'WebDriverManager' failed: ModuleNotFoundError: No module named 'WebDriverManager'
Traceback (most recent call last):
  None
PYTHONPATH:
  C:\Users\INVESTREE\AppData\Roaming\Python\Python312\Scripts\robot.exe
  C:\Program Files\python\python312.zip
  C:\Program Files\python\DLLs
  C:\Program Files\python\Lib
  C:\Program Files\python
  C:\Users\INVESTREE\AppData\Roaming\Python\Python312\site-packages
  C:\Program Files\python\Lib\site-packages</msg>
<msg time="2025-02-06T22:40:22.401540" level="WARN">The chromedriver version (133.0.6943.53) detected in PATH at C:\Users\INVESTREE\AppData\Roaming\npm\chromedriver.exe might not be compatible with the detected chrome version (132.0.6834.160); currently, chromedriver 132.0.6834.159 is recommended for chrome 132.*, so it is advised to delete the driver in PATH and retry</msg>
</errors>
</robot>
